<?xml version="1.0" encoding="UTF-8"?>
<!-- Generated by org.testng.reporters.JUnitReportReporter -->
<testsuite hostname="Kevin" name="com.crm.qa.testcases.HomePageTest" tests="3" failures="0" timestamp="30 Nov 2017 01:43:07 GMT" time="68.284" errors="0">
  <testcase name="verifyHomePageTitleTest" time="18.386" classname="com.crm.qa.testcases.HomePageTest"/>
  <testcase name="verifyUserNameTest" time="22.646" classname="com.crm.qa.testcases.HomePageTest"/>
  <testcase name="verifyContactsLinkTest" time="27.252" classname="com.crm.qa.testcases.HomePageTest"/>
</testsuite> <!-- com.crm.qa.testcases.HomePageTest -->
