<?xml version="1.0" encoding="UTF-8"?>
<!-- Generated by org.testng.reporters.JUnitReportReporter -->
<testsuite hostname="Kevin" name="com.crm.qa.testcases.RegisterPageTest" tests="1" failures="0" timestamp="29 Nov 2017 12:10:42 GMT" time="19.219" errors="0">
  <testcase name="enterUserdetailsTest" time="19.219" classname="com.crm.qa.testcases.RegisterPageTest"/>
</testsuite> <!-- com.crm.qa.testcases.RegisterPageTest -->
