<?xml version="1.0" encoding="UTF-8"?>
<!-- Generated by org.testng.reporters.JUnitReportReporter -->
<testsuite hostname="Kevin" name="com.crm.qa.testcases.LoginPageTest" tests="2" failures="0" timestamp="30 Nov 2017 01:06:27 GMT" time="34.413" errors="0">
  <testcase name="validateTitleTest" time="18.219" classname="com.crm.qa.testcases.LoginPageTest"/>
  <testcase name="enterUsernameTest" time="16.194" classname="com.crm.qa.testcases.LoginPageTest"/>
</testsuite> <!-- com.crm.qa.testcases.LoginPageTest -->
